[19:52:57.346] [main] INFO  D.s.CustomString - Printing string with for loop
[19:52:57.348] [main] DEBUG D.s.CustomString - Current character at position 0: H
[19:52:57.349] [main] DEBUG D.s.CustomString - Current character at position 1: e
[19:52:57.349] [main] DEBUG D.s.CustomString - Current character at position 2: l
[19:52:57.349] [main] DEBUG D.s.CustomString - Current character at position 3: l
[19:52:57.349] [main] DEBUG D.s.CustomString - Current character at position 4: o
[19:52:57.350] [main] INFO  D.s.CustomString - Printing string with for each loop
[19:52:57.350] [main] DEBUG D.s.CustomString - Current character: H
[19:52:57.351] [main] DEBUG D.s.CustomString - Current character: e
[19:52:57.351] [main] DEBUG D.s.CustomString - Current character: l
[19:52:57.351] [main] DEBUG D.s.CustomString - Current character: l
[19:52:57.351] [main] DEBUG D.s.CustomString - Current character: o
[19:52:57.352] [main] INFO  D.s.CustomString - Printing string with while do loop
[19:52:57.352] [main] DEBUG D.s.CustomString - Current character at position 0: H
[19:52:57.352] [main] DEBUG D.s.CustomString - Current character at position 1: e
[19:52:57.352] [main] DEBUG D.s.CustomString - Current character at position 2: l
[19:52:57.352] [main] DEBUG D.s.CustomString - Current character at position 3: l
[19:52:57.352] [main] DEBUG D.s.CustomString - Current character at position 4: o
[19:52:57.352] [main] INFO  D.s.CustomString - Converting string to uppercase: hello
[19:52:57.352] [main] DEBUG D.s.CustomString - Converted string: HELLO
[19:52:57.353] [main] INFO  D.s.CustomString - Converting string to lowercase: Hello
[19:52:57.353] [main] DEBUG D.s.CustomString - Converted string: hello
[19:52:57.353] [main] INFO  D.s.CustomString - Comparing strings: Hello and Hello
[19:52:57.353] [main] DEBUG D.s.CustomString - Comparison result: true
[19:53:32.073] [main] INFO  D.s.CustomString - Printing string with for loop
[19:53:32.074] [main] DEBUG D.s.CustomString - Current character at position 0: H
[19:53:32.076] [main] DEBUG D.s.CustomString - Current character at position 1: e
[19:53:32.076] [main] DEBUG D.s.CustomString - Current character at position 2: l
[19:53:32.076] [main] DEBUG D.s.CustomString - Current character at position 3: l
[19:53:32.078] [main] DEBUG D.s.CustomString - Current character at position 4: o
[19:53:32.079] [main] INFO  D.s.CustomString - Printing string with for each loop
[19:53:32.079] [main] DEBUG D.s.CustomString - Current character: H
[19:53:32.079] [main] DEBUG D.s.CustomString - Current character: e
[19:53:32.079] [main] DEBUG D.s.CustomString - Current character: l
[19:53:32.080] [main] DEBUG D.s.CustomString - Current character: l
[19:53:32.080] [main] DEBUG D.s.CustomString - Current character: o
[19:53:32.080] [main] INFO  D.s.CustomString - Printing string with while do loop
[19:53:32.080] [main] DEBUG D.s.CustomString - Current character at position 0: H
[19:53:32.080] [main] DEBUG D.s.CustomString - Current character at position 1: e
[19:53:32.080] [main] DEBUG D.s.CustomString - Current character at position 2: l
[19:53:32.080] [main] DEBUG D.s.CustomString - Current character at position 3: l
[19:53:32.081] [main] DEBUG D.s.CustomString - Current character at position 4: o
[19:53:32.081] [main] INFO  D.s.CustomString - Converting string to uppercase: hello
[19:53:32.081] [main] DEBUG D.s.CustomString - Converted string: HELLO
[19:53:32.081] [main] INFO  D.s.CustomString - Converting string to lowercase: Hello
[19:53:32.081] [main] DEBUG D.s.CustomString - Converted string: hello
[19:53:32.081] [main] INFO  D.s.CustomString - Comparing strings: Hello and Hello
[19:53:32.082] [main] DEBUG D.s.CustomString - Comparison result: true
[19:53:52.947] [main] INFO  D.s.CustomString - Printing string with for loop
[19:53:52.949] [main] DEBUG D.s.CustomString - Current character at position 0: H
[19:53:52.950] [main] DEBUG D.s.CustomString - Current character at position 1: e
[19:53:52.951] [main] DEBUG D.s.CustomString - Current character at position 2: l
[19:53:52.951] [main] DEBUG D.s.CustomString - Current character at position 3: l
[19:53:52.951] [main] DEBUG D.s.CustomString - Current character at position 4: o
[19:53:52.951] [main] INFO  D.s.CustomString - Printing string with for each loop
[19:53:52.952] [main] DEBUG D.s.CustomString - Current character: H
[19:53:52.952] [main] DEBUG D.s.CustomString - Current character: e
[19:53:52.954] [main] DEBUG D.s.CustomString - Current character: l
[19:53:52.954] [main] DEBUG D.s.CustomString - Current character: l
[19:53:52.954] [main] DEBUG D.s.CustomString - Current character: o
[19:53:52.955] [main] INFO  D.s.CustomString - Printing string with while do loop
[19:53:52.955] [main] DEBUG D.s.CustomString - Current character at position 0: H
[19:53:52.955] [main] DEBUG D.s.CustomString - Current character at position 1: e
[19:53:52.956] [main] DEBUG D.s.CustomString - Current character at position 2: l
[19:53:52.956] [main] DEBUG D.s.CustomString - Current character at position 3: l
[19:53:52.957] [main] DEBUG D.s.CustomString - Current character at position 4: o
[19:53:52.957] [main] INFO  D.s.CustomString - Converting string to uppercase: hello
[19:53:52.957] [main] DEBUG D.s.CustomString - Converted string: HELLO
[19:53:52.957] [main] INFO  D.s.CustomString - Converting string to lowercase: Hello
[19:53:52.958] [main] DEBUG D.s.CustomString - Converted string: hello
[19:53:52.958] [main] INFO  D.s.CustomString - Comparing strings: Hello and Hello
[19:53:52.958] [main] DEBUG D.s.CustomString - Comparison result: true
[19:54:19.930] [main] INFO  D.s.CustomString - Printing string with for loop
[19:54:19.931] [main] DEBUG D.s.CustomString - Current character at position 0: H
[19:54:19.933] [main] DEBUG D.s.CustomString - Current character at position 1: e
[19:54:19.933] [main] DEBUG D.s.CustomString - Current character at position 2: l
[19:54:19.934] [main] DEBUG D.s.CustomString - Current character at position 3: l
[19:54:19.934] [main] DEBUG D.s.CustomString - Current character at position 4: o
[19:54:19.934] [main] INFO  D.s.CustomString - Printing string with for each loop
[19:54:19.934] [main] DEBUG D.s.CustomString - Current character: H
[19:54:19.934] [main] DEBUG D.s.CustomString - Current character: e
[19:54:19.935] [main] DEBUG D.s.CustomString - Current character: l
[19:54:19.935] [main] DEBUG D.s.CustomString - Current character: l
[19:54:19.935] [main] DEBUG D.s.CustomString - Current character: o
[19:54:19.935] [main] INFO  D.s.CustomString - Printing string with while do loop
[19:54:19.935] [main] DEBUG D.s.CustomString - Current character at position 0: H
[19:54:19.935] [main] DEBUG D.s.CustomString - Current character at position 1: e
[19:54:19.936] [main] DEBUG D.s.CustomString - Current character at position 2: l
[19:54:19.936] [main] DEBUG D.s.CustomString - Current character at position 3: l
[19:54:19.936] [main] DEBUG D.s.CustomString - Current character at position 4: o
[19:54:19.936] [main] INFO  D.s.CustomString - Converting string to uppercase: hello
[19:54:19.936] [main] DEBUG D.s.CustomString - Converted string: HELLO
[19:54:19.936] [main] INFO  D.s.CustomString - Converting string to lowercase: Hello
[19:54:19.937] [main] DEBUG D.s.CustomString - Converted string: hello
[19:54:19.937] [main] INFO  D.s.CustomString - Comparing strings: Hello and Hello
[19:54:19.937] [main] DEBUG D.s.CustomString - Comparison result: true
[19:56:02.663] [main] INFO  D.s.CustomString - Printing string with for loop
[19:56:02.664] [main] DEBUG D.s.CustomString - Current character at position 0: H
[19:56:02.665] [main] DEBUG D.s.CustomString - Current character at position 1: e
[19:56:02.665] [main] DEBUG D.s.CustomString - Current character at position 2: l
[19:56:02.665] [main] DEBUG D.s.CustomString - Current character at position 3: l
[19:56:02.665] [main] DEBUG D.s.CustomString - Current character at position 4: o
[19:56:02.667] [main] INFO  D.s.CustomString - Printing string with for each loop
[19:56:02.667] [main] DEBUG D.s.CustomString - Current character: H
[19:56:02.667] [main] DEBUG D.s.CustomString - Current character: e
[19:56:02.667] [main] DEBUG D.s.CustomString - Current character: l
[19:56:02.667] [main] DEBUG D.s.CustomString - Current character: l
[19:56:02.668] [main] DEBUG D.s.CustomString - Current character: o
[19:56:02.668] [main] INFO  D.s.CustomString - Printing string with while do loop
[19:56:02.668] [main] DEBUG D.s.CustomString - Current character at position 0: H
[19:56:02.668] [main] DEBUG D.s.CustomString - Current character at position 1: e
[19:56:02.669] [main] DEBUG D.s.CustomString - Current character at position 2: l
[19:56:02.669] [main] DEBUG D.s.CustomString - Current character at position 3: l
[19:56:02.669] [main] DEBUG D.s.CustomString - Current character at position 4: o
[19:56:02.669] [main] INFO  D.s.CustomString - Converting string to uppercase: hello
[19:56:02.670] [main] DEBUG D.s.CustomString - Converted string: HELLO
[19:56:02.670] [main] INFO  D.s.CustomString - Converting string to lowercase: Hello
[19:56:02.670] [main] DEBUG D.s.CustomString - Converted string: hello
[19:56:02.670] [main] INFO  D.s.CustomString - Comparing strings: Hello and Hello
[19:56:02.671] [main] DEBUG D.s.CustomString - Comparison result: true
[19:56:32.188] [main] INFO  D.s.CustomString - Printing string with for loop
[19:56:32.190] [main] DEBUG D.s.CustomString - Current character at position 0: H
[19:56:32.191] [main] DEBUG D.s.CustomString - Current character at position 1: e
[19:56:32.191] [main] DEBUG D.s.CustomString - Current character at position 2: l
[19:56:32.191] [main] DEBUG D.s.CustomString - Current character at position 3: l
[19:56:32.191] [main] DEBUG D.s.CustomString - Current character at position 4: o
[19:56:32.192] [main] INFO  D.s.CustomString - Printing string with for each loop
[19:56:32.193] [main] DEBUG D.s.CustomString - Current character: H
[19:56:32.193] [main] DEBUG D.s.CustomString - Current character: e
[19:56:32.193] [main] DEBUG D.s.CustomString - Current character: l
[19:56:32.193] [main] DEBUG D.s.CustomString - Current character: l
[19:56:32.193] [main] DEBUG D.s.CustomString - Current character: o
[19:56:32.193] [main] INFO  D.s.CustomString - Printing string with while do loop
[19:56:32.194] [main] DEBUG D.s.CustomString - Current character at position 0: H
[19:56:32.194] [main] DEBUG D.s.CustomString - Current character at position 1: e
[19:56:32.194] [main] DEBUG D.s.CustomString - Current character at position 2: l
[19:56:32.195] [main] DEBUG D.s.CustomString - Current character at position 3: l
[19:56:32.195] [main] DEBUG D.s.CustomString - Current character at position 4: o
[19:56:32.195] [main] INFO  D.s.CustomString - Converting string to uppercase: hello
[19:56:32.195] [main] DEBUG D.s.CustomString - Converted string: HELLO
[19:56:32.196] [main] INFO  D.s.CustomString - Converting string to lowercase: Hello
[19:56:32.196] [main] DEBUG D.s.CustomString - Converted string: hello
[19:56:32.196] [main] INFO  D.s.CustomString - Comparing strings: Hello and Hello
[19:56:32.196] [main] DEBUG D.s.CustomString - Comparison result: true
[19:58:49.888] [main] INFO  D.CustomStringTest - Starting CustomStringTest
[19:58:49.891] [main] INFO  D.s.CustomString - Printing string with for loop
[19:58:49.891] [main] DEBUG D.s.CustomString - Current character at position 0: H
[19:58:49.892] [main] DEBUG D.s.CustomString - Current character at position 1: e
[19:58:49.892] [main] DEBUG D.s.CustomString - Current character at position 2: l
[19:58:49.893] [main] DEBUG D.s.CustomString - Current character at position 3: l
[19:58:49.893] [main] DEBUG D.s.CustomString - Current character at position 4: o
[19:58:49.893] [main] INFO  D.s.CustomString - Printing string with for each loop
[19:58:49.893] [main] DEBUG D.s.CustomString - Current character: H
[19:58:49.894] [main] DEBUG D.s.CustomString - Current character: e
[19:58:49.894] [main] DEBUG D.s.CustomString - Current character: l
[19:58:49.894] [main] DEBUG D.s.CustomString - Current character: l
[19:58:49.894] [main] DEBUG D.s.CustomString - Current character: o
[19:58:49.894] [main] INFO  D.s.CustomString - Printing string with while do loop
[19:58:49.895] [main] DEBUG D.s.CustomString - Current character at position 0: H
[19:58:49.895] [main] DEBUG D.s.CustomString - Current character at position 1: e
[19:58:49.895] [main] DEBUG D.s.CustomString - Current character at position 2: l
[19:58:49.895] [main] DEBUG D.s.CustomString - Current character at position 3: l
[19:58:49.895] [main] DEBUG D.s.CustomString - Current character at position 4: o
[19:58:49.896] [main] INFO  D.s.CustomString - Converting string to uppercase: hello
[19:58:49.896] [main] DEBUG D.s.CustomString - Converted string: HELLO
[19:58:49.896] [main] INFO  D.s.CustomString - Converting string to lowercase: Hello
[19:58:49.896] [main] DEBUG D.s.CustomString - Converted string: hello
[19:58:49.896] [main] INFO  D.s.CustomString - Comparing strings: Hello and Hello
[19:58:49.896] [main] DEBUG D.s.CustomString - Comparison result: true
[19:58:49.896] [main] INFO  D.CustomStringTest - CustomStringTest completed successfully
[20:00:02.288] [main] INFO  D.CustomStringTest - Starting CustomStringTest
[20:00:02.291] [main] INFO  D.s.CustomString - Printing string with for loop
[20:00:02.291] [main] DEBUG D.s.CustomString - Current character at position 0: H
[20:00:02.292] [main] DEBUG D.s.CustomString - Current character at position 1: e
[20:00:02.292] [main] DEBUG D.s.CustomString - Current character at position 2: l
[20:00:02.293] [main] DEBUG D.s.CustomString - Current character at position 3: l
[20:00:02.293] [main] DEBUG D.s.CustomString - Current character at position 4: o
[20:00:02.293] [main] INFO  D.s.CustomString - Printing string with for each loop
[20:00:02.294] [main] DEBUG D.s.CustomString - Current character: H
[20:00:02.294] [main] DEBUG D.s.CustomString - Current character: e
[20:00:02.294] [main] DEBUG D.s.CustomString - Current character: l
[20:00:02.294] [main] DEBUG D.s.CustomString - Current character: l
[20:00:02.294] [main] DEBUG D.s.CustomString - Current character: o
[20:00:02.294] [main] INFO  D.s.CustomString - Printing string with while do loop
[20:00:02.294] [main] DEBUG D.s.CustomString - Current character at position 0: H
[20:00:02.295] [main] DEBUG D.s.CustomString - Current character at position 1: e
[20:00:02.295] [main] DEBUG D.s.CustomString - Current character at position 2: l
[20:00:02.295] [main] DEBUG D.s.CustomString - Current character at position 3: l
[20:00:02.295] [main] DEBUG D.s.CustomString - Current character at position 4: o
[20:00:02.295] [main] INFO  D.s.CustomString - Converting string to uppercase: hello
[20:00:02.295] [main] DEBUG D.s.CustomString - Converted string: HELLO
[20:00:02.295] [main] INFO  D.s.CustomString - Converting string to lowercase: Hello
[20:00:02.297] [main] DEBUG D.s.CustomString - Converted string: hello
[20:00:02.297] [main] INFO  D.s.CustomString - Comparing strings: Hello and Hello
[20:00:02.297] [main] DEBUG D.s.CustomString - Comparison result: true
[20:00:02.297] [main] INFO  D.CustomStringTest - CustomStringTest completed successfully
[20:01:05.804] [main] INFO  D.CustomStringTest - Starting CustomStringTest
[20:01:05.822] [main] INFO  D.s.CustomString - Printing string with for loop
[20:01:05.822] [main] DEBUG D.s.CustomString - Current character at position 0: H
[20:01:05.823] [main] DEBUG D.s.CustomString - Current character at position 1: e
[20:01:05.823] [main] DEBUG D.s.CustomString - Current character at position 2: l
[20:01:05.824] [main] DEBUG D.s.CustomString - Current character at position 3: l
[20:01:05.824] [main] DEBUG D.s.CustomString - Current character at position 4: o
[20:01:05.824] [main] TRACE D.s.CustomString - Exiting printString
[20:01:05.824] [main] INFO  D.s.CustomString - Printing string with for each loop
[20:01:05.824] [main] DEBUG D.s.CustomString - Current character: H
[20:01:05.824] [main] DEBUG D.s.CustomString - Current character: e
[20:01:05.824] [main] DEBUG D.s.CustomString - Current character: l
[20:01:05.825] [main] DEBUG D.s.CustomString - Current character: l
[20:01:05.825] [main] DEBUG D.s.CustomString - Current character: o
[20:01:05.825] [main] TRACE D.s.CustomString - Exiting printStringWithForEach
[20:01:05.825] [main] INFO  D.s.CustomString - Printing string with while do loop
[20:01:05.825] [main] DEBUG D.s.CustomString - Current character at position 0: H
[20:01:05.825] [main] DEBUG D.s.CustomString - Current character at position 1: e
[20:01:05.825] [main] DEBUG D.s.CustomString - Current character at position 2: l
[20:01:05.826] [main] DEBUG D.s.CustomString - Current character at position 3: l
[20:01:05.826] [main] DEBUG D.s.CustomString - Current character at position 4: o
[20:01:05.826] [main] TRACE D.s.CustomString - Exiting printStringWithWhileDo
[20:01:05.826] [main] INFO  D.s.CustomString - Converting string to uppercase: hello
[20:01:05.827] [main] DEBUG D.s.CustomString - Converted string: HELLO
[20:01:05.827] [main] TRACE D.s.CustomString - Exiting convertStringToUpperCase
[20:01:05.827] [main] INFO  D.s.CustomString - Converting string to lowercase: Hello
[20:01:05.827] [main] DEBUG D.s.CustomString - Converted string: hello
[20:01:05.827] [main] TRACE D.s.CustomString - Exiting convertStringToLowerCase
[20:01:05.827] [main] INFO  D.s.CustomString - Comparing strings: Hello and Hello
[20:01:05.828] [main] DEBUG D.s.CustomString - Comparison result: true
[20:01:05.828] [main] TRACE D.s.CustomString - Exiting compareTwoStrings
[20:01:05.828] [main] INFO  D.CustomStringTest - CustomStringTest completed successfully
[20:01:23.549] [main] INFO  D.CustomStringTest - Starting CustomStringTest
[20:01:23.552] [main] INFO  D.s.CustomString - Printing string with for loop
[20:01:23.552] [main] DEBUG D.s.CustomString - Current character at position 0: H
[20:01:23.553] [main] DEBUG D.s.CustomString - Current character at position 1: e
[20:01:23.554] [main] DEBUG D.s.CustomString - Current character at position 2: l
[20:01:23.554] [main] DEBUG D.s.CustomString - Current character at position 3: l
[20:01:23.554] [main] DEBUG D.s.CustomString - Current character at position 4: o
[20:01:23.554] [main] TRACE D.s.CustomString - Exiting printString
[20:01:23.555] [main] INFO  D.s.CustomString - Printing string with for each loop
[20:01:23.555] [main] DEBUG D.s.CustomString - Current character: H
[20:01:23.555] [main] DEBUG D.s.CustomString - Current character: e
[20:01:23.555] [main] DEBUG D.s.CustomString - Current character: l
[20:01:23.556] [main] DEBUG D.s.CustomString - Current character: l
[20:01:23.556] [main] DEBUG D.s.CustomString - Current character: o
[20:01:23.556] [main] TRACE D.s.CustomString - Exiting printStringWithForEach
[20:01:23.556] [main] INFO  D.s.CustomString - Printing string with while do loop
[20:01:23.556] [main] DEBUG D.s.CustomString - Current character at position 0: H
[20:01:23.556] [main] DEBUG D.s.CustomString - Current character at position 1: e
[20:01:23.556] [main] DEBUG D.s.CustomString - Current character at position 2: l
[20:01:23.558] [main] DEBUG D.s.CustomString - Current character at position 3: l
[20:01:23.558] [main] DEBUG D.s.CustomString - Current character at position 4: o
[20:01:23.558] [main] TRACE D.s.CustomString - Exiting printStringWithWhileDo
[20:01:23.558] [main] INFO  D.s.CustomString - Converting string to uppercase: hello
[20:01:23.559] [main] DEBUG D.s.CustomString - Converted string: HELLO
[20:01:23.559] [main] TRACE D.s.CustomString - Exiting convertStringToUpperCase
[20:01:23.559] [main] INFO  D.s.CustomString - Converting string to lowercase: Hello
[20:01:23.559] [main] DEBUG D.s.CustomString - Converted string: hello
[20:01:23.560] [main] TRACE D.s.CustomString - Exiting convertStringToLowerCase
[20:01:23.560] [main] INFO  D.s.CustomString - Comparing strings: Hello and Hello
[20:01:23.560] [main] DEBUG D.s.CustomString - Comparison result: true
[20:01:23.561] [main] TRACE D.s.CustomString - Exiting compareTwoStrings
[20:01:23.561] [main] INFO  D.CustomStringTest - CustomStringTest completed successfully
[20:01:41.970] [main] INFO  D.CustomStringTest - Starting CustomStringTest
[20:01:41.973] [main] INFO  D.s.CustomString - Printing string with for loop
[20:01:41.974] [main] DEBUG D.s.CustomString - Current character at position 0: H
[20:01:41.975] [main] DEBUG D.s.CustomString - Current character at position 1: e
[20:01:41.975] [main] DEBUG D.s.CustomString - Current character at position 2: l
[20:01:41.975] [main] DEBUG D.s.CustomString - Current character at position 3: l
[20:01:41.975] [main] DEBUG D.s.CustomString - Current character at position 4: o
[20:01:41.975] [main] TRACE D.s.CustomString - Exiting printString
[20:01:41.976] [main] INFO  D.s.CustomString - Printing string with for each loop
[20:01:41.976] [main] DEBUG D.s.CustomString - Current character: H
[20:01:41.976] [main] DEBUG D.s.CustomString - Current character: e
[20:01:41.976] [main] DEBUG D.s.CustomString - Current character: l
[20:01:41.977] [main] DEBUG D.s.CustomString - Current character: l
[20:01:41.977] [main] DEBUG D.s.CustomString - Current character: o
[20:01:41.977] [main] TRACE D.s.CustomString - Exiting printStringWithForEach
[20:01:41.977] [main] INFO  D.s.CustomString - Printing string with while do loop
[20:01:41.977] [main] DEBUG D.s.CustomString - Current character at position 0: H
[20:01:41.977] [main] DEBUG D.s.CustomString - Current character at position 1: e
[20:01:41.978] [main] DEBUG D.s.CustomString - Current character at position 2: l
[20:01:41.978] [main] DEBUG D.s.CustomString - Current character at position 3: l
[20:01:41.978] [main] DEBUG D.s.CustomString - Current character at position 4: o
[20:01:41.978] [main] TRACE D.s.CustomString - Exiting printStringWithWhileDo
[20:01:41.978] [main] INFO  D.s.CustomString - Converting string to uppercase: hello
[20:01:41.978] [main] DEBUG D.s.CustomString - Converted string: HELLO
[20:01:41.978] [main] TRACE D.s.CustomString - Exiting convertStringToUpperCase
[20:01:41.979] [main] INFO  D.s.CustomString - Converting string to lowercase: Hello
[20:01:41.979] [main] DEBUG D.s.CustomString - Converted string: hello
[20:01:41.979] [main] TRACE D.s.CustomString - Exiting convertStringToLowerCase
[20:01:41.979] [main] INFO  D.s.CustomString - Comparing strings: Hello and Hello
[20:01:41.979] [main] DEBUG D.s.CustomString - Comparison result: true
[20:01:41.980] [main] TRACE D.s.CustomString - Exiting compareTwoStrings
[20:01:41.980] [main] INFO  D.CustomStringTest - CustomStringTest completed successfully
[20:02:06.387] [main] INFO  D.CustomStringTest - Starting CustomStringTest
[20:02:06.389] [main] INFO  D.s.CustomString - Printing string with for loop
[20:02:06.389] [main] DEBUG D.s.CustomString - Current character at position 0: H
[20:02:06.390] [main] DEBUG D.s.CustomString - Current character at position 1: e
[20:02:06.390] [main] DEBUG D.s.CustomString - Current character at position 2: l
[20:02:06.390] [main] DEBUG D.s.CustomString - Current character at position 3: l
[20:02:06.391] [main] DEBUG D.s.CustomString - Current character at position 4: o
[20:02:06.391] [main] TRACE D.s.CustomString - Exiting printString
[20:02:06.391] [main] INFO  D.s.CustomString - Printing string with for each loop
[20:02:06.391] [main] DEBUG D.s.CustomString - Current character: H
[20:02:06.391] [main] DEBUG D.s.CustomString - Current character: e
[20:02:06.391] [main] DEBUG D.s.CustomString - Current character: l
[20:02:06.391] [main] DEBUG D.s.CustomString - Current character: l
[20:02:06.392] [main] DEBUG D.s.CustomString - Current character: o
[20:02:06.392] [main] TRACE D.s.CustomString - Exiting printStringWithForEach
[20:02:06.392] [main] INFO  D.s.CustomString - Printing string with while do loop
[20:02:06.392] [main] DEBUG D.s.CustomString - Current character at position 0: H
[20:02:06.392] [main] DEBUG D.s.CustomString - Current character at position 1: e
[20:02:06.392] [main] DEBUG D.s.CustomString - Current character at position 2: l
[20:02:06.393] [main] DEBUG D.s.CustomString - Current character at position 3: l
[20:02:06.393] [main] DEBUG D.s.CustomString - Current character at position 4: o
[20:02:06.394] [main] TRACE D.s.CustomString - Exiting printStringWithWhileDo
[20:02:06.394] [main] INFO  D.s.CustomString - Converting string to uppercase: hello
[20:02:06.394] [main] DEBUG D.s.CustomString - Converted string: HELLO
[20:02:06.395] [main] TRACE D.s.CustomString - Exiting convertStringToUpperCase
[20:02:06.395] [main] INFO  D.s.CustomString - Converting string to lowercase: Hello
[20:02:06.395] [main] DEBUG D.s.CustomString - Converted string: hello
[20:02:06.395] [main] TRACE D.s.CustomString - Exiting convertStringToLowerCase
[20:02:06.395] [main] INFO  D.s.CustomString - Comparing strings: Hello and Hello
[20:02:06.396] [main] DEBUG D.s.CustomString - Comparison result: true
[20:02:06.396] [main] TRACE D.s.CustomString - Exiting compareTwoStrings
[20:02:06.396] [main] INFO  D.CustomStringTest - CustomStringTest completed successfully
[20:04:39.482] [main] INFO  D.CustomStringTest - Starting CustomStringTest
[20:04:39.484] [main] INFO  D.s.CustomString - Printing string with for loop
[20:04:39.485] [main] DEBUG D.s.CustomString - Current character at position 0: H
[20:04:39.486] [main] DEBUG D.s.CustomString - Current character at position 1: e
[20:04:39.486] [main] DEBUG D.s.CustomString - Current character at position 2: l
[20:04:39.487] [main] DEBUG D.s.CustomString - Current character at position 3: l
[20:04:39.487] [main] DEBUG D.s.CustomString - Current character at position 4: o
[20:04:39.487] [main] TRACE D.s.CustomString - Exiting printString
[20:04:39.488] [main] INFO  D.s.CustomString - Printing string with for each loop
[20:04:39.488] [main] ERROR D.s.CustomString - String is null, please check your input
[20:05:00.848] [main] INFO  D.CustomStringTest - Starting CustomStringTest
[20:05:00.850] [main] INFO  D.s.CustomString - Printing string with for loop
[20:05:00.851] [main] DEBUG D.s.CustomString - Current character at position 0: H
[20:05:00.852] [main] DEBUG D.s.CustomString - Current character at position 1: e
[20:05:00.852] [main] DEBUG D.s.CustomString - Current character at position 2: l
[20:05:00.852] [main] DEBUG D.s.CustomString - Current character at position 3: l
[20:05:00.852] [main] DEBUG D.s.CustomString - Current character at position 4: o
[20:05:00.852] [main] TRACE D.s.CustomString - Exiting printString
[20:05:00.853] [main] INFO  D.s.CustomString - Printing string with for each loop
[20:05:00.853] [main] ERROR D.s.CustomString - String is null, please check your input
